Build started 9/21/16 5:20:45 AM.
     1>Project "\\Mac\Home\Documents\Visual Studio Stuff\Projects\SCRAMBLE\SCRAMBLE\SCRAMBLE.vcxproj" on node 2 (Build target(s)).
     1>ClCompile:
         C:\Program Files\Microsoft Visual Studio 14.0\VC\bin\CL.exe /c /I\\Mac\Home\Documents\SFML\include /ZI /nologo /W3 /WX- /sdl /Od /Oy- /D WIN32 /D _DEBUG /D _CONSOLE /D _UNICODE /D UNICODE /Gm /EHsc /RTC1 /MDd /GS /fp:precise /Zc:wchar_t /Zc:forScope /Zc:inline /Yu"stdafx.h" /Fp"Debug\SCRAMBLE.pch" /Fo"Debug\\" /Fd"Debug\vc140.pdb" /Gd /TP /analyze- /errorReport:prompt SCRAMBLE.cpp
         SCRAMBLE.cpp
     1>\\mac\home\documents\visual studio stuff\projects\scramble\scramble\landscape.h(8): warning C4005: 'gameHEIGHT': macro redefinition
         \\mac\home\documents\visual studio stuff\projects\scramble\scramble\player.h(7): note: see previous definition of 'gameHEIGHT'
     1>\\mac\home\documents\visual studio stuff\projects\scramble\scramble\scramble.cpp(16): warning C4005: 'gameHEIGHT': macro redefinition
         \\mac\home\documents\visual studio stuff\projects\scramble\scramble\landscape.h(8): note: see previous definition of 'gameHEIGHT'
     1>\\mac\home\documents\visual studio stuff\projects\scramble\scramble\scramble.cpp(219): warning C4244: 'argument': conversion from 'double' to 'float', possible loss of data
     1>\\mac\home\documents\visual studio stuff\projects\scramble\scramble\scramble.cpp(286): warning C4018: '<': signed/unsigned mismatch
     1>\\mac\home\documents\visual studio stuff\projects\scramble\scramble\scramble.cpp(370): warning C4018: '<': signed/unsigned mismatch
     1>\\mac\home\documents\visual studio stuff\projects\scramble\scramble\scramble.cpp(448): warning C4018: '<': signed/unsigned mismatch
     1>\\mac\home\documents\visual studio stuff\projects\scramble\scramble\scramble.cpp(484): warning C4018: '<': signed/unsigned mismatch
     1>\\mac\home\documents\visual studio stuff\projects\scramble\scramble\scramble.cpp(489): warning C4018: '<': signed/unsigned mismatch
       Link:
         C:\Program Files\Microsoft Visual Studio 14.0\VC\bin\link.exe /ERRORREPORT:PROMPT /OUT:"\\Mac\Home\Documents\Visual Studio Stuff\Projects\SCRAMBLE\Debug\SCRAMBLE.exe" /INCREMENTAL /NOLOGO /LIBPATH:\\Mac\Home\Documents\SFML\lib "sfml-graphics-d.lib" "sfml-window-d.lib" "sfml-system-d.lib" "sfml-network-d.lib" "sfml-audio-d.lib" kernel32.lib user32.lib gdi32.lib winspool.lib comdlg32.lib advapi32.lib shell32.lib ole32.lib oleaut32.lib uuid.lib odbc32.lib odbccp32.lib kernel32.lib user32.lib gdi32.lib winspool.lib comdlg32.lib advapi32.lib shell32.lib ole32.lib oleaut32.lib uuid.lib odbc32.lib odbccp32.lib /MANIFEST /MANIFESTUAC:"level='asInvoker' uiAccess='false'" /manifest:embed /Debug /PDB:"\\Mac\Home\Documents\Visual Studio Stuff\Projects\SCRAMBLE\Debug\SCRAMBLE.pdb" /SUBSYSTEM:CONSOLE /TLBID:1 /DYNAMICBASE /NXCOMPAT /IMPLIB:"\\Mac\Home\Documents\Visual Studio Stuff\Projects\SCRAMBLE\Debug\SCRAMBLE.lib" /MACHINE:X86 Debug\AttackObject.obj
         Debug\Bomb.obj
         Debug\GasTank.obj
         Debug\Laser.obj
         Debug\Player.obj
         Debug\EnemyRocket.obj
         Debug\EnemyTwo.obj
         Debug\SCRAMBLE.obj
         Debug\stdafx.obj
         Debug\Landscape.obj
         SCRAMBLE.vcxproj -> \\Mac\Home\Documents\Visual Studio Stuff\Projects\SCRAMBLE\Debug\SCRAMBLE.exe
     1>Done Building Project "\\Mac\Home\Documents\Visual Studio Stuff\Projects\SCRAMBLE\SCRAMBLE\SCRAMBLE.vcxproj" (Build target(s)).

Build succeeded.

Time Elapsed 00:00:02.01
